<?xml version="1.0" encoding="UTF-8"?>
<!-- Generated by org.testng.reporters.JUnitXMLReporter -->
<testsuite hostname="L37446WIN" ignored="0" name="Surefire test" tests="3" failures="1" timestamp="2022-11-28T19:41:06 IST" time="38.754" errors="0">
  <testcase name="submitOrder" time="17.714" classname="AnupamaProjects.tests.StandaloneTest"/>
  <testcase name="submitOrder" time="1.276" classname="AnupamaProjects.tests.StandaloneTest">
    <failure type="java.lang.NullPointerException">
      <![CDATA[java.lang.NullPointerException
at AnupamaProjects.pageObjects.ProductCatalog.addProductToCart(ProductCatalog.java:48)
at AnupamaProjects.tests.StandaloneTest.submitOrder(StandaloneTest.java:34)
at java.util.ArrayList.forEach(ArrayList.java:1259)
... Removed 32 stack frames]]>
    </failure>
  </testcase> <!-- submitOrder -->
  <testcase name="OrderHistoryTest" time="0.0" classname="AnupamaProjects.tests.StandaloneTest">
    <skipped/>
  </testcase> <!-- OrderHistoryTest -->
</testsuite> <!-- Surefire test -->
