-------------------------------------------------------------------------------
Test set: TestSuite
-------------------------------------------------------------------------------
Tests run: 3, Failures: 1, Errors: 0, Skipped: 1, Time elapsed: 40.675 s <<< FAILURE! - in TestSuite
submitOrder(AnupamaProjects.tests.StandaloneTest)  Time elapsed: 1.28 s  <<< FAILURE!
java.lang.NullPointerException
	at AnupamaProjects.tests.StandaloneTest.submitOrder(StandaloneTest.java:34)

