<?xml version="1.0" encoding="UTF-8"?>
<testng-results skipped="1" failed="1" ignored="0" total="3" passed="1">
  <reporter-output>
  </reporter-output>
  <suite name="Surefire suite" duration-ms="38754" started-at="2022-11-28T19:40:27 IST" finished-at="2022-11-28T19:41:06 IST">
    <groups>
      <group name="Purchase">
        <method signature="StandaloneTest.submitOrder(java.util.HashMap)[pri:0, instance:AnupamaProjects.tests.StandaloneTest@34c4973]" name="submitOrder" class="AnupamaProjects.tests.StandaloneTest"/>
      </group> <!-- Purchase -->
    </groups>
    <test name="Surefire test" duration-ms="38754" started-at="2022-11-28T19:40:27 IST" finished-at="2022-11-28T19:41:06 IST">
      <class name="AnupamaProjects.tests.StandaloneTest">
        <test-method status="PASS" signature="launchApplication()[pri:0, instance:AnupamaProjects.tests.StandaloneTest@34c4973]" name="launchApplication" is-config="true" duration-ms="11990" started-at="2022-11-28T19:40:27 IST" finished-at="2022-11-28T19:40:39 IST">
          <reporter-output>
          </reporter-output>
        </test-method> <!-- launchApplication -->
        <test-method status="PASS" signature="submitOrder(java.util.HashMap)[pri:0, instance:AnupamaProjects.tests.StandaloneTest@34c4973]" name="submitOrder" duration-ms="17714" started-at="2022-11-28T19:40:39 IST" data-provider="getData" finished-at="2022-11-28T19:40:57 IST">
          <params>
            <param index="0">
              <value>
                <![CDATA[{pwd=Anu@12345, email=anu$123@gmail.com, productName=ZARA COAT 3}]]>
              </value>
            </param>
          </params>
          <reporter-output>
          </reporter-output>
        </test-method> <!-- submitOrder -->
        <test-method status="PASS" signature="tearDown()[pri:0, instance:AnupamaProjects.tests.StandaloneTest@34c4973]" name="tearDown" is-config="true" duration-ms="309" started-at="2022-11-28T19:40:57 IST" finished-at="2022-11-28T19:40:57 IST">
          <reporter-output>
          </reporter-output>
        </test-method> <!-- tearDown -->
        <test-method status="PASS" signature="launchApplication()[pri:0, instance:AnupamaProjects.tests.StandaloneTest@34c4973]" name="launchApplication" is-config="true" duration-ms="6910" started-at="2022-11-28T19:40:57 IST" finished-at="2022-11-28T19:41:04 IST">
          <reporter-output>
          </reporter-output>
        </test-method> <!-- launchApplication -->
        <test-method status="FAIL" signature="submitOrder(java.util.HashMap)[pri:0, instance:AnupamaProjects.tests.StandaloneTest@34c4973]" name="submitOrder" duration-ms="1276" started-at="2022-11-28T19:41:04 IST" data-provider="getData" finished-at="2022-11-28T19:41:05 IST">
          <params>
            <param index="0">
              <value>
                <![CDATA[{pwd=Abcd@1234, email=gowtham$123@gmail.com, productName=adidas original}]]>
              </value>
            </param>
          </params>
          <exception class="java.lang.NullPointerException">
            <full-stacktrace>
              <![CDATA[java.lang.NullPointerException
at AnupamaProjects.pageObjects.ProductCatalog.addProductToCart(ProductCatalog.java:48)
at AnupamaProjects.tests.StandaloneTest.submitOrder(StandaloneTest.java:34)
at sun.reflect.NativeMethodAccessorImpl.invoke0(Native Method)
at sun.reflect.NativeMethodAccessorImpl.invoke(NativeMethodAccessorImpl.java:62)
at sun.reflect.DelegatingMethodAccessorImpl.invoke(DelegatingMethodAccessorImpl.java:43)
at java.lang.reflect.Method.invoke(Method.java:498)
at org.testng.internal.MethodInvocationHelper.invokeMethod(MethodInvocationHelper.java:133)
at org.testng.internal.TestInvoker.invokeMethod(TestInvoker.java:598)
at org.testng.internal.TestInvoker.invokeTestMethod(TestInvoker.java:173)
at org.testng.internal.MethodRunner.runInSequence(MethodRunner.java:46)
at org.testng.internal.TestInvoker$MethodInvocationAgent.invoke(TestInvoker.java:824)
at org.testng.internal.TestInvoker.invokeTestMethods(TestInvoker.java:146)
at org.testng.internal.TestMethodWorker.invokeTestMethods(TestMethodWorker.java:146)
at org.testng.internal.TestMethodWorker.run(TestMethodWorker.java:128)
at java.util.ArrayList.forEach(ArrayList.java:1259)
at org.testng.TestRunner.privateRun(TestRunner.java:794)
at org.testng.TestRunner.run(TestRunner.java:596)
at org.testng.SuiteRunner.runTest(SuiteRunner.java:377)
at org.testng.SuiteRunner.runSequentially(SuiteRunner.java:371)
at org.testng.SuiteRunner.privateRun(SuiteRunner.java:332)
at org.testng.SuiteRunner.run(SuiteRunner.java:276)
at org.testng.SuiteRunnerWorker.runSuite(SuiteRunnerWorker.java:53)
at org.testng.SuiteRunnerWorker.run(SuiteRunnerWorker.java:96)
at org.testng.TestNG.runSuitesSequentially(TestNG.java:1212)
at org.testng.TestNG.runSuitesLocally(TestNG.java:1134)
at org.testng.TestNG.runSuites(TestNG.java:1063)
at org.testng.TestNG.run(TestNG.java:1031)
at org.apache.maven.surefire.testng.TestNGExecutor.run(TestNGExecutor.java:135)
at org.apache.maven.surefire.testng.TestNGDirectoryTestSuite.executeMulti(TestNGDirectoryTestSuite.java:193)
at org.apache.maven.surefire.testng.TestNGDirectoryTestSuite.execute(TestNGDirectoryTestSuite.java:94)
at org.apache.maven.surefire.testng.TestNGProvider.invoke(TestNGProvider.java:146)
at org.apache.maven.surefire.booter.ForkedBooter.invokeProviderInSameClassLoader(ForkedBooter.java:384)
at org.apache.maven.surefire.booter.ForkedBooter.runSuitesInProcess(ForkedBooter.java:345)
at org.apache.maven.surefire.booter.ForkedBooter.execute(ForkedBooter.java:126)
at org.apache.maven.surefire.booter.ForkedBooter.main(ForkedBooter.java:418)
]]>
            </full-stacktrace>
          </exception> <!-- java.lang.NullPointerException -->
          <reporter-output>
          </reporter-output>
        </test-method> <!-- submitOrder -->
        <test-method status="PASS" signature="tearDown()[pri:0, instance:AnupamaProjects.tests.StandaloneTest@34c4973]" name="tearDown" is-config="true" duration-ms="229" started-at="2022-11-28T19:41:05 IST" finished-at="2022-11-28T19:41:06 IST">
          <reporter-output>
          </reporter-output>
        </test-method> <!-- tearDown -->
        <test-method status="SKIP" signature="OrderHistoryTest()[pri:0, instance:AnupamaProjects.tests.StandaloneTest@34c4973]" name="OrderHistoryTest" duration-ms="0" started-at="2022-11-28T19:41:06 IST" depends-on-methods="AnupamaProjects.tests.StandaloneTest.submitOrder" finished-at="2022-11-28T19:41:06 IST">
          <exception class="java.lang.Throwable">
            <message>
              <![CDATA[Method StandaloneTest.OrderHistoryTest()[pri:0, instance:AnupamaProjects.tests.StandaloneTest@34c4973] depends on not successfully finished methods]]>
            </message>
            <full-stacktrace>
              <![CDATA[java.lang.Throwable: Method StandaloneTest.OrderHistoryTest()[pri:0, instance:AnupamaProjects.tests.StandaloneTest@34c4973] depends on not successfully finished methods
at org.testng.internal.TestInvoker.invokeTestMethods(TestInvoker.java:102)
at org.testng.internal.TestMethodWorker.invokeTestMethods(TestMethodWorker.java:146)
at org.testng.internal.TestMethodWorker.run(TestMethodWorker.java:128)
at java.util.ArrayList.forEach(ArrayList.java:1259)
at org.testng.TestRunner.privateRun(TestRunner.java:794)
at org.testng.TestRunner.run(TestRunner.java:596)
at org.testng.SuiteRunner.runTest(SuiteRunner.java:377)
at org.testng.SuiteRunner.runSequentially(SuiteRunner.java:371)
at org.testng.SuiteRunner.privateRun(SuiteRunner.java:332)
at org.testng.SuiteRunner.run(SuiteRunner.java:276)
at org.testng.SuiteRunnerWorker.runSuite(SuiteRunnerWorker.java:53)
at org.testng.SuiteRunnerWorker.run(SuiteRunnerWorker.java:96)
at org.testng.TestNG.runSuitesSequentially(TestNG.java:1212)
at org.testng.TestNG.runSuitesLocally(TestNG.java:1134)
at org.testng.TestNG.runSuites(TestNG.java:1063)
at org.testng.TestNG.run(TestNG.java:1031)
at org.apache.maven.surefire.testng.TestNGExecutor.run(TestNGExecutor.java:135)
at org.apache.maven.surefire.testng.TestNGDirectoryTestSuite.executeMulti(TestNGDirectoryTestSuite.java:193)
at org.apache.maven.surefire.testng.TestNGDirectoryTestSuite.execute(TestNGDirectoryTestSuite.java:94)
at org.apache.maven.surefire.testng.TestNGProvider.invoke(TestNGProvider.java:146)
at org.apache.maven.surefire.booter.ForkedBooter.invokeProviderInSameClassLoader(ForkedBooter.java:384)
at org.apache.maven.surefire.booter.ForkedBooter.runSuitesInProcess(ForkedBooter.java:345)
at org.apache.maven.surefire.booter.ForkedBooter.execute(ForkedBooter.java:126)
at org.apache.maven.surefire.booter.ForkedBooter.main(ForkedBooter.java:418)
]]>
            </full-stacktrace>
          </exception> <!-- java.lang.Throwable -->
          <reporter-output>
          </reporter-output>
        </test-method> <!-- OrderHistoryTest -->
      </class> <!-- AnupamaProjects.tests.StandaloneTest -->
    </test> <!-- Surefire test -->
  </suite> <!-- Surefire suite -->
</testng-results>
